[18:05:39] [main/INFO] (FabricLoader) Loading for game Minecraft 1.15.2
[18:05:40] [main/INFO] (Fabric|Loader) [FabricLoader] Loading 38 mods: fabric-renderer-api-v1@0.2.10+f08b61330c, minecraft@1.15.2, fabric-networking-blockentity-v0@0.2.3+e08a73050c, fabric-keybindings-v0@0.1.1+dfdb52d60c, fabric-command-api-v1@1.0.1+7b6f8bc50c, fromage@1.0-SNAPSHOT, fabricloader@0.8.2+build.194, fabric-tool-attribute-api-v1@1.0.2+915c44630c, fabric-renderer-indigo@0.2.23+9290e2ed0c, fabric-containers-v0@0.1.3+b7f9825d0c, fabric-dimensions-v1@0.3.0+2ad156310c, fabric-object-builder-api-v1@1.0.0+796d1cc40c, fabric-biomes-v1@0.1.5+3b05f68e0c, fabric-crash-report-info-v1@0.1.2+b7f9825d0c, fabric-events-interaction-v0@0.3.0+fac69e320c, fabric-api-base@0.1.2+b7f9825d0c, fabric-rendering-v0@1.1.0+534104900c, fabric-rendering-v1@1.0.0+2a034f0a0c, fabric-rendering-data-attachment-v1@0.1.3+b7f9825d0c, fabric-resource-loader-v0@0.1.10+06c939b30c, fabric-textures-v0@1.0.4+821cdba70c, fabric-content-registries-v0@0.1.3+b7f9825d0c, fabric-tag-extensions-v0@0.1.3+abd915800c, fabric-rendering-fluids-v1@0.1.6+12515ed90c, fabric-registry-sync-v0@0.2.6+f3d8141b0c, fabric-commands-v0@0.2.0+2e0c4ff50c, fabric-blockrenderlayer-v1@1.1.4+c6a8ea890c, fabric-mining-levels-v0@0.1.2+ec951ea40c, fabric-renderer-registries-v1@2.0.1+5a0f9a600c, fabric-climbable-api-v1@1.0.0+6ffe71e20c, fabric-events-lifecycle-v0@0.1.2+003643510c, fabric-loot-tables-v1@0.1.5+e08a73050c, fabric@0.10.1+build.307-1.15, fabric-item-groups-v0@0.1.6+045efb460c, fabric-particles-v1@0.1.2+ad2f81bd0c, fabric-models-v0@0.1.0+dfdb52d60c, fabric-object-builders-v0@0.5.0+796d1cc40c, fabric-networking-v0@0.1.7+003643510c
[18:05:40] [main/INFO] (mixin) SpongePowered MIXIN Subsystem Version=0.8 Source=file:/C:/Users/ellio/.gradle/caches/modules-2/files-2.1/net.fabricmc/sponge-mixin/0.8+build.18/af077ad2845a00cde186fa2c99c4dd32bd2a2766/sponge-mixin-0.8+build.18.jar Service=Knot/Fabric Env=CLIENT
[18:05:40] [main/INFO] (Fabric|MixinBootstrap) Loaded Fabric development mappings for mixin remapper!
[18:05:41] [main/INFO] (mixin) Remapping refMap fabric-networking-v0-refmap.json using remapper chain
[18:05:41] [main/INFO] (mixin) Remapping refMap fabric-networking-blockentity-v0-refmap.json using remapper chain
[18:05:41] [main/INFO] (mixin) Remapping refMap fabric-biomes-v1-refmap.json using remapper chain
[18:05:41] [main/INFO] (mixin) Remapping refMap fabric-containers-v0-refmap.json using remapper chain
[18:05:41] [main/INFO] (mixin) Remapping refMap fabric-renderer-indigo-refmap.json using remapper chain
[18:05:41] [main/INFO] (mixin) Remapping refMap fabric-rendering-data-attachment-v1-refmap.json using remapper chain
[18:05:41] [main/INFO] (mixin) Remapping refMap fabric-events-interaction-v0-refmap.json using remapper chain
[18:05:41] [main/INFO] (mixin) Remapping refMap fabric-loot-tables-v1-refmap.json using remapper chain
[18:05:41] [main/INFO] (mixin) Remapping refMap fabric-object-builder-api-v1-refmap.json using remapper chain
[18:05:41] [main/INFO] (mixin) Remapping refMap fabric-dimensions-v1-refmap.json using remapper chain
[18:05:41] [main/INFO] (mixin) Remapping refMap fabric-renderer-registries-v1-refmap.json using remapper chain
[18:05:41] [main/INFO] (mixin) Remapping refMap fabric-textures-v0-refmap.json using remapper chain
[18:05:41] [main/INFO] (mixin) Remapping refMap fabric-registry-sync-v0-refmap.json using remapper chain
[18:05:41] [main/INFO] (mixin) Remapping refMap fabric-models-v0-refmap.json using remapper chain
[18:05:41] [main/INFO] (mixin) Remapping refMap fabric-keybindings-v0-refmap.json using remapper chain
[18:05:41] [main/INFO] (mixin) Remapping refMap fabric-blockrenderlayer-v1-refmap.json using remapper chain
[18:05:41] [main/INFO] (mixin) Remapping refMap fabric-renderer-api-v1-refmap.json using remapper chain
[18:05:41] [main/INFO] (mixin) Remapping refMap fabric-containers-v0-refmap.json using remapper chain
[18:05:41] [main/INFO] (mixin) Remapping refMap fabric-events-lifecycle-v0-refmap.json using remapper chain
[18:05:41] [main/INFO] (mixin) Remapping refMap fabric-rendering-fluids-v1-refmap.json using remapper chain
[18:05:41] [main/INFO] (mixin) Remapping refMap fabric-resource-loader-v0-refmap.json using remapper chain
[18:05:41] [main/INFO] (mixin) Remapping refMap fabric-particles-v1-refmap.json using remapper chain
[18:05:41] [main/INFO] (mixin) Remapping refMap fabric-object-builders-refmap.json using remapper chain
[18:05:41] [main/INFO] (mixin) Remapping refMap fabric-tag-extensions-v0-refmap.json using remapper chain
[18:05:41] [main/INFO] (mixin) Remapping refMap fabric-tool-attribute-api-v1-refmap.json using remapper chain
[18:05:41] [main/INFO] (mixin) Remapping refMap fabric-rendering-v1-refmap.json using remapper chain
[18:05:41] [main/INFO] (mixin) Remapping refMap fabric-item-groups-v0-refmap.json using remapper chain
[18:05:41] [main/INFO] (mixin) Remapping refMap fabric-content-registries-v0-refmap.json using remapper chain
[18:05:41] [main/INFO] (mixin) Remapping refMap fabric-command-api-v1-refmap.json using remapper chain
[18:05:41] [main/INFO] (mixin) Remapping refMap fabric-crash-report-info-v1-refmap.json using remapper chain
[18:05:41] [main/INFO] (mixin) Remapping refMap fabric-renderer-api-v1-refmap.json using remapper chain
[18:05:41] [main/INFO] (mixin) Remapping refMap fabric-climbable-api-v1-refmap.json using remapper chain
[18:05:43] [main/INFO] (Minecraft) Setting user: Player640
[18:05:48] [main/INFO] (Indigo) [Indigo] Registering Indigo renderer!
[18:05:49] [main/INFO] (Minecraft) Backend library: LWJGL version 3.2.2 build 10
[18:05:53] [main/INFO] (Minecraft) Narrator library for x64 successfully loaded
[18:05:53] [main/INFO] (Minecraft) Reloading ResourceManager: Default, Fabric Renderer API (v1), Fabric Networking Block Entity (v0), Fabric Key Bindings (v0), Fromage, Fabric Tool Attribute API (v1), Fabric Renderer - Indigo, Fabric Containers (v0), Fabric Object Builder API (v1), Fabric Biomes (v1), Fabric Crash Report Info (v1), Fabric Events Interaction (v0), Fabric API Base, Fabric Rendering (v0), Fabric Rendering (v1), Fabric Rendering Data Attachment (v1), Fabric Resource Loader (v0), Fabric Textures (v0), Fabric Content Registries (v0), Fabric Tag Extensions (v0), Fabric Rendering Fluids (v1), Fabric Registry Sync (v0), Fabric BlockRenderLayer Registration (v1), Fabric Mining Levels (v0), Fabric Renderer Registries (v1), Fabric Events Lifecycle (v0), Fabric Loot Tables (v1), Fabric API, Fabric Item Groups (v0), Fabric Models (v0), Fabric Object Builders (v0), Fabric Networking (v0)
[18:05:59] [Realms Notification Availability checker #1/INFO] (Minecraft) Could not authorize you against Realms server: Invalid session id
[18:06:06] [main/INFO] (Minecraft) OpenAL initialized.
[18:06:06] [main/INFO] (Minecraft) Sound engine started
[18:06:07] [main/INFO] (Minecraft) Created: 1024x1024x4 minecraft:textures/atlas/blocks.png-atlas
[18:06:08] [main/INFO] (Minecraft) Created: 256x128x4 minecraft:textures/atlas/signs.png-atlas
[18:06:08] [main/INFO] (Minecraft) Created: 1024x512x4 minecraft:textures/atlas/banner_patterns.png-atlas
[18:06:08] [main/INFO] (Minecraft) Created: 1024x512x4 minecraft:textures/atlas/shield_patterns.png-atlas
[18:06:08] [main/INFO] (Minecraft) Created: 256x256x4 minecraft:textures/atlas/chest.png-atlas
[18:06:08] [main/INFO] (Minecraft) Created: 512x256x4 minecraft:textures/atlas/beds.png-atlas
[18:06:08] [main/INFO] (Minecraft) Created: 512x256x4 minecraft:textures/atlas/shulker_boxes.png-atlas
[18:06:09] [main/INFO] (Minecraft) Created: 256x256x0 minecraft:textures/atlas/particles.png-atlas
[18:06:09] [main/INFO] (Minecraft) Created: 256x256x0 minecraft:textures/atlas/paintings.png-atlas
[18:06:09] [main/INFO] (Minecraft) Created: 256x128x0 minecraft:textures/atlas/mob_effects.png-atlas
[18:06:28] [main/INFO] (Minecraft) [fabric-registry-sync] Loaded registry data [file 1/4]
[18:06:29] [main/WARN] (Minecraft) Ambiguity between arguments [teleport, destination] and [teleport, targets] with inputs: [Player, 0123, @e, dd12be42-52a9-4a91-a8a1-11c01849e498]
[18:06:29] [main/WARN] (Minecraft) Ambiguity between arguments [teleport, location] and [teleport, destination] with inputs: [0.1 -0.5 .9, 0 0 0]
[18:06:29] [main/WARN] (Minecraft) Ambiguity between arguments [teleport, location] and [teleport, targets] with inputs: [0.1 -0.5 .9, 0 0 0]
[18:06:29] [main/WARN] (Minecraft) Ambiguity between arguments [teleport, targets] and [teleport, destination] with inputs: [Player, 0123, dd12be42-52a9-4a91-a8a1-11c01849e498]
[18:06:29] [main/WARN] (Minecraft) Ambiguity between arguments [teleport, targets, location] and [teleport, targets, destination] with inputs: [0.1 -0.5 .9, 0 0 0]
[18:06:29] [Server thread/INFO] (Minecraft) Starting integrated minecraft server version 1.15.2
[18:06:29] [Server thread/INFO] (Minecraft) Generating keypair
[18:06:30] [Server thread/INFO] (Minecraft) [fabric-registry-sync] Loaded registry data [file 1/4]
[18:06:30] [Server thread/INFO] (Minecraft) Reloading ResourceManager: Default, Fabric Tool Attribute API (v1), Fromage
[18:06:31] [Server thread/INFO] (Minecraft) Loaded 6 recipes
[18:06:31] [Server thread/INFO] (Minecraft) Loaded 825 advancements
[18:06:32] [Server thread/INFO] (Minecraft) Preparing start region for dimension minecraft:overworld
[18:06:33] [main/INFO] (Minecraft) Preparing spawn area: 0%
[18:06:33] [main/INFO] (Minecraft) Preparing spawn area: 0%
[18:06:33] [main/INFO] (Minecraft) Preparing spawn area: 0%
[18:06:33] [main/INFO] (Minecraft) Preparing spawn area: 0%
[18:06:34] [main/INFO] (Minecraft) Preparing spawn area: 0%
[18:06:34] [main/INFO] (Minecraft) Time elapsed: 2562 ms
[18:06:35] [Server thread/INFO] (Minecraft) Changing view distance to 11, from 10
[18:06:36] [Server thread/INFO] (Minecraft) Player640[local:E:4e1a3509] logged in with entity id 229 at (-244.5, 69.0, 73.5)
[18:06:37] [Server thread/INFO] (Minecraft) Player640 joined the game
[18:06:37] [Server thread/INFO] (Minecraft) Saving and pausing game...
[18:06:37] [Server thread/INFO] (Minecraft) Saving chunks for level 'New World'/minecraft:the_end
[18:06:37] [Server thread/INFO] (Minecraft) Saving chunks for level 'New World'/minecraft:overworld
[18:06:37] [main/INFO] (Minecraft) Loaded 0 advancements
[18:06:39] [Server thread/INFO] (Minecraft) Saving chunks for level 'New World'/minecraft:the_nether
[18:06:39] [Server thread/WARN] (Minecraft) Can't keep up! Is the server overloaded? Running 2422ms or 48 ticks behind
[18:06:52] [main/INFO] (Minecraft) Loaded 2 advancements
[18:06:56] [main/INFO] (Minecraft) Loaded 9 advancements
[18:07:26] [main/INFO] (Minecraft) Loaded 12 advancements
[18:08:03] [main/INFO] (Minecraft) Loaded 13 advancements
[18:08:07] [Server thread/INFO] (Minecraft) Saving and pausing game...
[18:08:07] [Server thread/INFO] (Minecraft) Saving chunks for level 'New World'/minecraft:the_end
[18:08:07] [Server thread/INFO] (Minecraft) Saving chunks for level 'New World'/minecraft:overworld
[18:08:09] [Server thread/INFO] (Minecraft) Saving chunks for level 'New World'/minecraft:the_nether
[18:08:09] [Server thread/WARN] (Minecraft) Can't keep up! Is the server overloaded? Running 2501ms or 50 ticks behind
[18:08:23] [main/INFO] (Minecraft) [STDOUT]: U  wacked me with milk
[18:08:23] [Server thread/INFO] (Minecraft) [STDOUT]: U  wacked me with milk
[18:08:25] [main/INFO] (Minecraft) [STDOUT]: U  wacked me with cheese cloth
[18:08:25] [Server thread/INFO] (Minecraft) [STDOUT]: U  wacked me with cheese cloth
[18:08:28] [main/INFO] (Minecraft) [STDOUT]: U  wacked me with milk
[18:08:28] [Server thread/INFO] (Minecraft) [STDOUT]: U  wacked me with milk
[18:08:29] [main/INFO] (Minecraft) [STDOUT]: U  wacked me with cheese cloth
[18:08:29] [Server thread/INFO] (Minecraft) [STDOUT]: U  wacked me with cheese cloth
[18:08:43] [Server thread/INFO] (Minecraft) [Player640: Set own game mode to Survival Mode]
[18:08:43] [main/INFO] (Minecraft) [CHAT] Set own game mode to Survival Mode
[18:08:44] [main/INFO] (Minecraft) [STDOUT]: U  wacked me with milk
[18:08:44] [Server thread/INFO] (Minecraft) [STDOUT]: U  wacked me with milk
[18:08:45] [main/INFO] (Minecraft) [STDOUT]: U  wacked me with cheese cloth
[18:08:45] [Server thread/INFO] (Minecraft) [STDOUT]: U  wacked me with cheese cloth
[18:08:47] [main/INFO] (Minecraft) [STDOUT]: U  wacked me with milk
[18:08:47] [Server thread/INFO] (Minecraft) [STDOUT]: U  wacked me with milk
[18:08:48] [main/INFO] (Minecraft) [STDOUT]: U  wacked me with cheese cloth
[18:08:48] [Server thread/INFO] (Minecraft) [STDOUT]: U  wacked me with cheese cloth
[18:08:51] [main/INFO] (Minecraft) [STDOUT]: U  wacked me with milk
[18:08:51] [Server thread/INFO] (Minecraft) [STDOUT]: U  wacked me with milk
[18:08:52] [main/INFO] (Minecraft) [STDOUT]: U  wacked me with cheese cloth
[18:08:52] [Server thread/INFO] (Minecraft) [STDOUT]: U  wacked me with cheese cloth
[18:09:03] [main/INFO] (Minecraft) [STDOUT]: U  wacked me with milk
[18:09:03] [Server thread/INFO] (Minecraft) [STDOUT]: U  wacked me with milk
[18:09:04] [main/INFO] (Minecraft) [STDOUT]: U  wacked me with cheese cloth
[18:09:04] [Server thread/INFO] (Minecraft) [STDOUT]: U  wacked me with cheese cloth
[18:09:09] [main/INFO] (Minecraft) [CHAT] Incorrect argument for command
[18:09:09] [main/INFO] (Minecraft) [CHAT] /gamemode cre<--[HERE]
[18:09:12] [main/INFO] (Minecraft) [CHAT] Incorrect argument for command
[18:09:12] [main/INFO] (Minecraft) [CHAT] /gamemode cre<--[HERE]
[18:09:14] [Server thread/INFO] (Minecraft) [Player640: Set own game mode to Creative Mode]
[18:09:14] [main/INFO] (Minecraft) [CHAT] Set own game mode to Creative Mode
[18:09:30] [main/INFO] (Minecraft) [STDOUT]: U  wacked me with milk
[18:09:30] [Server thread/INFO] (Minecraft) [STDOUT]: U  wacked me with milk
[18:09:33] [main/INFO] (Minecraft) [STDOUT]: U  wacked me with cheese cloth
[18:09:33] [Server thread/INFO] (Minecraft) [STDOUT]: U  wacked me with cheese cloth
[18:09:56] [Server thread/INFO] (Minecraft) [Player640: Set own game mode to Survival Mode]
[18:09:56] [main/INFO] (Minecraft) [CHAT] Set own game mode to Survival Mode
[18:09:58] [main/INFO] (Minecraft) [STDOUT]: U  wacked me with milk
[18:09:58] [Server thread/INFO] (Minecraft) [STDOUT]: U  wacked me with milk
[18:10:00] [main/INFO] (Minecraft) [STDOUT]: U  wacked me with cheese cloth
[18:10:00] [main/INFO] (Minecraft) [STDOUT]: U  wacked me with dirty cheese cloth
[18:10:00] [Server thread/INFO] (Minecraft) [STDOUT]: U  wacked me with cheese cloth
[18:10:00] [Server thread/INFO] (Minecraft) [STDOUT]: U  wacked me with dirty cheese cloth
[18:10:16] [Server thread/INFO] (Minecraft) Saving and pausing game...
[18:10:16] [Server thread/INFO] (Minecraft) Saving chunks for level 'New World'/minecraft:the_end
[18:10:16] [Server thread/INFO] (Minecraft) Saving chunks for level 'New World'/minecraft:overworld
[18:10:17] [Server thread/INFO] (Minecraft) Saving chunks for level 'New World'/minecraft:the_nether
[18:10:17] [Server thread/INFO] (Minecraft) Player640 lost connection: Disconnected
[18:10:17] [Server thread/INFO] (Minecraft) Player640 left the game
[18:10:17] [Server thread/INFO] (Minecraft) Stopping singleplayer server as player logged out
[18:10:17] [Server thread/INFO] (Minecraft) Stopping server
[18:10:17] [Server thread/INFO] (Minecraft) Saving players
[18:10:17] [Server thread/INFO] (Minecraft) Saving worlds
[18:10:17] [Server thread/INFO] (Minecraft) Saving chunks for level 'New World'/minecraft:the_end
[18:10:17] [Server thread/INFO] (Minecraft) ThreadedAnvilChunkStorage (DIM1): All chunks are saved
[18:10:17] [Server thread/INFO] (Minecraft) Saving chunks for level 'New World'/minecraft:overworld
[18:10:17] [Server thread/INFO] (Minecraft) ThreadedAnvilChunkStorage (New World): All chunks are saved
[18:10:17] [Server thread/INFO] (Minecraft) Saving chunks for level 'New World'/minecraft:the_nether
[18:10:17] [Server thread/INFO] (Minecraft) ThreadedAnvilChunkStorage (DIM-1): All chunks are saved
[18:10:17] [Server thread/INFO] (Minecraft) ThreadedAnvilChunkStorage (DIM1): All chunks are saved
[18:10:17] [Server thread/INFO] (Minecraft) ThreadedAnvilChunkStorage (New World): All chunks are saved
[18:10:17] [Server thread/INFO] (Minecraft) ThreadedAnvilChunkStorage (DIM-1): All chunks are saved
[18:10:19] [main/INFO] (Minecraft) Stopping!
